<?xml version="1.0" encoding="utf-8"?>
<coverage line-rate="0.7303000000000001" branch-rate="0.625" version="1.9" timestamp="1666196890" lines-covered="65" lines-valid="89" branches-covered="20" branches-valid="32">
  <sources>
    <source>C:\Users\jgrum\Documents\Programming\Csharp\ThirdSemesterProjectGitInsight\GitInsight\GitInsight\</source>
  </sources>
  <packages>
    <package name="GitInsight" line-rate="0.7303000000000001" branch-rate="0.625" complexity="32">
      <classes>
        <class name="Program" filename="Program.cs" line-rate="0" branch-rate="0" complexity="8">
          <methods>
            <method name="&lt;Main&gt;$" signature="(System.String[])" line-rate="0" branch-rate="0" complexity="8">
              <lines>
                <line number="1" hits="0" branch="True" condition-coverage="0% (0/2)">
                  <conditions>
                    <condition number="7" type="jump" coverage="0%" />
                  </conditions>
                </line>
                <line number="2" hits="0" branch="False" />
                <line number="3" hits="0" branch="True" condition-coverage="0% (0/2)">
                  <conditions>
                    <condition number="32" type="jump" coverage="0%" />
                  </conditions>
                </line>
                <line number="4" hits="0" branch="False" />
                <line number="5" hits="0" branch="False" />
                <line number="6" hits="0" branch="False" />
                <line number="7" hits="0" branch="False" />
                <line number="8" hits="0" branch="True" condition-coverage="0% (0/2)">
                  <conditions>
                    <condition number="91" type="jump" coverage="0%" />
                  </conditions>
                </line>
                <line number="9" hits="0" branch="False" />
                <line number="10" hits="0" branch="False" />
                <line number="11" hits="0" branch="False" />
                <line number="12" hits="0" branch="False" />
                <line number="13" hits="0" branch="False" />
                <line number="15" hits="0" branch="False" />
                <line number="17" hits="0" branch="False" />
                <line number="18" hits="0" branch="False" />
                <line number="20" hits="0" branch="True" condition-coverage="0% (0/2)">
                  <conditions>
                    <condition number="209" type="jump" coverage="0%" />
                  </conditions>
                </line>
                <line number="21" hits="0" branch="False" />
                <line number="22" hits="0" branch="False" />
                <line number="23" hits="0" branch="False" />
              </lines>
            </method>
          </methods>
          <lines>
            <line number="1" hits="0" branch="True" condition-coverage="0% (0/2)">
              <conditions>
                <condition number="7" type="jump" coverage="0%" />
              </conditions>
            </line>
            <line number="2" hits="0" branch="False" />
            <line number="3" hits="0" branch="True" condition-coverage="0% (0/2)">
              <conditions>
                <condition number="32" type="jump" coverage="0%" />
              </conditions>
            </line>
            <line number="4" hits="0" branch="False" />
            <line number="5" hits="0" branch="False" />
            <line number="6" hits="0" branch="False" />
            <line number="7" hits="0" branch="False" />
            <line number="8" hits="0" branch="True" condition-coverage="0% (0/2)">
              <conditions>
                <condition number="91" type="jump" coverage="0%" />
              </conditions>
            </line>
            <line number="9" hits="0" branch="False" />
            <line number="10" hits="0" branch="False" />
            <line number="11" hits="0" branch="False" />
            <line number="12" hits="0" branch="False" />
            <line number="13" hits="0" branch="False" />
            <line number="15" hits="0" branch="False" />
            <line number="17" hits="0" branch="False" />
            <line number="18" hits="0" branch="False" />
            <line number="20" hits="0" branch="True" condition-coverage="0% (0/2)">
              <conditions>
                <condition number="209" type="jump" coverage="0%" />
              </conditions>
            </line>
            <line number="21" hits="0" branch="False" />
            <line number="22" hits="0" branch="False" />
            <line number="23" hits="0" branch="False" />
          </lines>
        </class>
        <class name="GitInsight.GitCommands" filename="GitCommands.cs" line-rate="1" branch-rate="0.95" complexity="20">
          <methods>
            <method name="GetPath" signature="(GitInsight.GitCommands/TestingMode)" line-rate="1" branch-rate="0.5" complexity="2">
              <lines>
                <line number="12" hits="4" branch="False" />
                <line number="13" hits="4" branch="True" condition-coverage="50% (1/2)">
                  <conditions>
                    <condition number="3" type="jump" coverage="50%" />
                  </conditions>
                </line>
                <line number="14" hits="4" branch="False" />
              </lines>
            </method>
            <method name="GitLogByAllAuthorsByDate" signature="(System.String,GitInsight.GitCommands/TestingMode)" line-rate="1" branch-rate="1" complexity="12">
              <lines>
                <line number="18" hits="1" branch="False" />
                <line number="19" hits="1" branch="False" />
                <line number="21" hits="1" branch="False" />
                <line number="23" hits="1" branch="False" />
                <line number="24" hits="1" branch="False" />
                <line number="26" hits="17" branch="True" condition-coverage="100% (2/2)">
                  <conditions>
                    <condition number="183" type="jump" coverage="100%" />
                  </conditions>
                </line>
                <line number="27" hits="7" branch="False" />
                <line number="29" hits="7" branch="True" condition-coverage="100% (2/2)">
                  <conditions>
                    <condition number="109" type="jump" coverage="100%" />
                  </conditions>
                </line>
                <line number="30" hits="5" branch="False" />
                <line number="31" hits="5" branch="False" />
                <line number="32" hits="5" branch="False" />
                <line number="34" hits="2" branch="False" />
                <line number="35" hits="2" branch="False" />
                <line number="36" hits="2" branch="False" />
                <line number="37" hits="7" branch="False" />
                <line number="39" hits="7" branch="True" condition-coverage="100% (2/2)">
                  <conditions>
                    <condition number="491" type="jump" coverage="100%" />
                  </conditions>
                </line>
                <line number="40" hits="2" branch="False" />
                <line number="44" hits="2" branch="False" />
                <line number="45" hits="2" branch="False" />
                <line number="47" hits="20" branch="True" condition-coverage="100% (2/2)">
                  <conditions>
                    <condition number="377" type="jump" coverage="100%" />
                  </conditions>
                </line>
                <line number="48" hits="7" branch="False" />
                <line number="50" hits="7" branch="False" />
                <line number="51" hits="7" branch="True" condition-coverage="100% (2/2)">
                  <conditions>
                    <condition number="324" type="jump" coverage="100%" />
                  </conditions>
                </line>
                <line number="52" hits="2" branch="False" />
                <line number="53" hits="2" branch="False" />
                <line number="54" hits="2" branch="False" />
                <line number="56" hits="5" branch="False" />
                <line number="57" hits="5" branch="False" />
                <line number="58" hits="5" branch="False" />
                <line number="59" hits="7" branch="False" />
                <line number="61" hits="18" branch="True" condition-coverage="100% (2/2)">
                  <conditions>
                    <condition number="464" type="jump" coverage="100%" />
                  </conditions>
                </line>
                <line number="62" hits="6" branch="False" />
                <line number="63" hits="6" branch="False" />
                <line number="64" hits="6" branch="False" />
                <line number="65" hits="2" branch="False" />
                <line number="67" hits="1" branch="False" />
                <line number="68" hits="1" branch="False" />
              </lines>
            </method>
            <method name="GitCommitFrequency" signature="(System.String,GitInsight.GitCommands/TestingMode)" line-rate="1" branch-rate="1" complexity="6">
              <lines>
                <line number="72" hits="3" branch="False" />
                <line number="73" hits="3" branch="False" />
                <line number="75" hits="3" branch="False" />
                <line number="77" hits="3" branch="False" />
                <line number="79" hits="51" branch="True" condition-coverage="100% (2/2)">
                  <conditions>
                    <condition number="172" type="jump" coverage="100%" />
                  </conditions>
                </line>
                <line number="80" hits="21" branch="False" />
                <line number="81" hits="21" branch="False" />
                <line number="82" hits="21" branch="True" condition-coverage="100% (2/2)">
                  <conditions>
                    <condition number="120" type="jump" coverage="100%" />
                  </conditions>
                </line>
                <line number="83" hits="2" branch="False" />
                <line number="84" hits="2" branch="False" />
                <line number="85" hits="2" branch="False" />
                <line number="87" hits="19" branch="False" />
                <line number="88" hits="19" branch="False" />
                <line number="89" hits="19" branch="False" />
                <line number="90" hits="21" branch="False" />
                <line number="92" hits="47" branch="True" condition-coverage="100% (2/2)">
                  <conditions>
                    <condition number="255" type="jump" coverage="100%" />
                  </conditions>
                </line>
                <line number="93" hits="19" branch="False" />
                <line number="94" hits="19" branch="False" />
                <line number="95" hits="19" branch="False" />
                <line number="97" hits="3" branch="False" />
                <line number="98" hits="3" branch="False" />
              </lines>
            </method>
          </methods>
          <lines>
            <line number="12" hits="4" branch="False" />
            <line number="13" hits="4" branch="True" condition-coverage="50% (1/2)">
              <conditions>
                <condition number="3" type="jump" coverage="50%" />
              </conditions>
            </line>
            <line number="14" hits="4" branch="False" />
            <line number="18" hits="1" branch="False" />
            <line number="19" hits="1" branch="False" />
            <line number="21" hits="1" branch="False" />
            <line number="23" hits="1" branch="False" />
            <line number="24" hits="1" branch="False" />
            <line number="26" hits="17" branch="True" condition-coverage="100% (2/2)">
              <conditions>
                <condition number="183" type="jump" coverage="100%" />
              </conditions>
            </line>
            <line number="27" hits="7" branch="False" />
            <line number="29" hits="7" branch="True" condition-coverage="100% (2/2)">
              <conditions>
                <condition number="109" type="jump" coverage="100%" />
              </conditions>
            </line>
            <line number="30" hits="5" branch="False" />
            <line number="31" hits="5" branch="False" />
            <line number="32" hits="5" branch="False" />
            <line number="34" hits="2" branch="False" />
            <line number="35" hits="2" branch="False" />
            <line number="36" hits="2" branch="False" />
            <line number="37" hits="7" branch="False" />
            <line number="39" hits="7" branch="True" condition-coverage="100% (2/2)">
              <conditions>
                <condition number="491" type="jump" coverage="100%" />
              </conditions>
            </line>
            <line number="40" hits="2" branch="False" />
            <line number="44" hits="2" branch="False" />
            <line number="45" hits="2" branch="False" />
            <line number="47" hits="20" branch="True" condition-coverage="100% (2/2)">
              <conditions>
                <condition number="377" type="jump" coverage="100%" />
              </conditions>
            </line>
            <line number="48" hits="7" branch="False" />
            <line number="50" hits="7" branch="False" />
            <line number="51" hits="7" branch="True" condition-coverage="100% (2/2)">
              <conditions>
                <condition number="324" type="jump" coverage="100%" />
              </conditions>
            </line>
            <line number="52" hits="2" branch="False" />
            <line number="53" hits="2" branch="False" />
            <line number="54" hits="2" branch="False" />
            <line number="56" hits="5" branch="False" />
            <line number="57" hits="5" branch="False" />
            <line number="58" hits="5" branch="False" />
            <line number="59" hits="7" branch="False" />
            <line number="61" hits="18" branch="True" condition-coverage="100% (2/2)">
              <conditions>
                <condition number="464" type="jump" coverage="100%" />
              </conditions>
            </line>
            <line number="62" hits="6" branch="False" />
            <line number="63" hits="6" branch="False" />
            <line number="64" hits="6" branch="False" />
            <line number="65" hits="2" branch="False" />
            <line number="67" hits="1" branch="False" />
            <line number="68" hits="1" branch="False" />
            <line number="72" hits="3" branch="False" />
            <line number="73" hits="3" branch="False" />
            <line number="75" hits="3" branch="False" />
            <line number="77" hits="3" branch="False" />
            <line number="79" hits="51" branch="True" condition-coverage="100% (2/2)">
              <conditions>
                <condition number="172" type="jump" coverage="100%" />
              </conditions>
            </line>
            <line number="80" hits="21" branch="False" />
            <line number="81" hits="21" branch="False" />
            <line number="82" hits="21" branch="True" condition-coverage="100% (2/2)">
              <conditions>
                <condition number="120" type="jump" coverage="100%" />
              </conditions>
            </line>
            <line number="83" hits="2" branch="False" />
            <line number="84" hits="2" branch="False" />
            <line number="85" hits="2" branch="False" />
            <line number="87" hits="19" branch="False" />
            <line number="88" hits="19" branch="False" />
            <line number="89" hits="19" branch="False" />
            <line number="90" hits="21" branch="False" />
            <line number="92" hits="47" branch="True" condition-coverage="100% (2/2)">
              <conditions>
                <condition number="255" type="jump" coverage="100%" />
              </conditions>
            </line>
            <line number="93" hits="19" branch="False" />
            <line number="94" hits="19" branch="False" />
            <line number="95" hits="19" branch="False" />
            <line number="97" hits="3" branch="False" />
            <line number="98" hits="3" branch="False" />
          </lines>
        </class>
        <class name="GitInsight.GitPathHelper" filename="GitPathHelper.cs" line-rate="0.5" branch-rate="0.25" complexity="4">
          <methods>
            <method name="GetGitLocalFolder" signature="()" line-rate="0" branch-rate="0" complexity="2">
              <lines>
                <line number="6" hits="0" branch="False" />
                <line number="7" hits="0" branch="True" condition-coverage="0% (0/2)">
                  <conditions>
                    <condition number="12" type="jump" coverage="0%" />
                  </conditions>
                </line>
                <line number="8" hits="0" branch="False" />
                <line number="9" hits="0" branch="False" />
              </lines>
            </method>
            <method name="GetGitTestFolder" signature="()" line-rate="1" branch-rate="0.5" complexity="2">
              <lines>
                <line number="12" hits="9" branch="False" />
                <line number="13" hits="9" branch="True" condition-coverage="50% (1/2)">
                  <conditions>
                    <condition number="12" type="jump" coverage="50%" />
                  </conditions>
                </line>
                <line number="14" hits="9" branch="False" />
                <line number="15" hits="9" branch="False" />
              </lines>
            </method>
          </methods>
          <lines>
            <line number="6" hits="0" branch="False" />
            <line number="7" hits="0" branch="True" condition-coverage="0% (0/2)">
              <conditions>
                <condition number="12" type="jump" coverage="0%" />
              </conditions>
            </line>
            <line number="8" hits="0" branch="False" />
            <line number="9" hits="0" branch="False" />
            <line number="12" hits="9" branch="False" />
            <line number="13" hits="9" branch="True" condition-coverage="50% (1/2)">
              <conditions>
                <condition number="12" type="jump" coverage="50%" />
              </conditions>
            </line>
            <line number="14" hits="9" branch="False" />
            <line number="15" hits="9" branch="False" />
          </lines>
        </class>
      </classes>
    </package>
  </packages>
</coverage>